0 silly argv {
0 silly argv   _: [ 'version' ],
0 silly argv   'conventional-commits': true,
0 silly argv   conventionalCommits: true,
0 silly argv   yes: true,
0 silly argv   y: true,
0 silly argv   lernaVersion: '7.1.5',
0 silly argv   '$0': '/Users/apple/Desktop/getting-started-example/node_modules/.bin/lerna'
0 silly argv }
1 notice cli v7.1.5
2 verbose packageConfigs Explicit "packages" configuration found in lerna.json. Resolving packages using the configured glob(s): ["packages/*"]
3 verbose rootPath /Users/apple/Desktop/getting-started-example
4 info versioning independent
5 silly isAnythingCommitted
6 verbose isAnythingCommitted 1
7 silly getCurrentBranch
8 verbose currentBranch release-v1.0.0
9 silly remoteBranchExists
10 silly isBehindUpstream
11 silly isBehindUpstream release-v1.0.0 is behind origin/release-v1.0.0 by 0 commit(s) and ahead by 0
12 silly hasTags
13 verbose hasTags true
14 silly git-describe.sync "v0.0.6-2-g6b4453b" => {"lastTagName":"v0.0.6","lastVersion":"v0.0.6","refCount":"2","sha":"6b4453b","isDirty":false}
15 info Looking for changed packages since v0.0.6
16 silly checking diff packages/footer
17 silly no diff found in footer-versioned
18 silly checking diff packages/header
19 silly found diff in packages/header/src/Header.tsx
20 verbose filtered diff [ 'packages/header/src/Header.tsx' ]
21 silly checking diff packages/remixapp
22 silly no diff found in remixapp-versioned
23 verbose updated header-versioned
24 verbose git-describe undefined => "v0.0.6-2-g6b4453b"
25 silly git-describe parsed => {"lastTagName":"v0.0.6","lastVersion":"v0.0.6","refCount":"2","sha":"6b4453b","isDirty":false}
26 silly independent for header-versioned at /Users/apple/Desktop/getting-started-example/packages/header
27 verbose getChangelogConfig using preset "conventional-changelog-angular"
28 silly npa Result {
28 silly npa   type: 'tag',
28 silly npa   registry: true,
28 silly npa   where: undefined,
28 silly npa   raw: 'conventional-changelog-angular',
28 silly npa   name: 'conventional-changelog-angular',
28 silly npa   escapedName: 'conventional-changelog-angular',
28 silly npa   scope: undefined,
28 silly npa   rawSpec: '',
28 silly npa   saveSpec: null,
28 silly npa   fetchSpec: 'latest',
28 silly npa   gitRange: undefined,
28 silly npa   gitCommittish: undefined,
28 silly npa   hosted: undefined
28 silly npa }
29 verbose getChangelogConfig Attempting to resolve preset "conventional-changelog-angular"
30 info getChangelogConfig Successfully resolved preset "conventional-changelog-angular"
31 verbose independent increment 0.0.6 by patch
32 info auto-confirmed
33 info execute Skipping releases
34 silly lifecycle No script for "preversion" in "root", continuing
35 silly lifecycle No script for "preversion" in "header-versioned", continuing
36 silly lifecycle No script for "version" in "header-versioned", continuing
37 silly independent for header-versioned at /Users/apple/Desktop/getting-started-example/packages/header
38 silly independent writing new entry: "## 0.0.7 (2024-08-24)\n\n\n\n## 0.0.6 (2024-08-24)\n\n\n\n## 0.0.4 (2024-08-24)\n\n\n\n## 0.0.3 (2024-08-24)\n\n\n\n## 0.0.2 (2024-08-24)\n\n\n\n## 0.0.1 (2024-08-24)\n\n\n### Bug Fixes\n\n* emit types from react component packages ([124611e](https://github.com/rahul-toddleapp/getting-started-example/commit/124611e46cf4d07f337d3e9e522378a7f50116c9))\n\n\n\n"
39 verbose independent wrote /Users/apple/Desktop/getting-started-example/packages/header/CHANGELOG.md
40 verbose version Updating root package-lock.json
41 error Error: Command failed with exit code 1: npm install --package-lock-only --ignore-scripts
41 error npm error code ETARGET
41 error npm error notarget No matching version found for footer@^0.0.2.
41 error npm error notarget In most cases you or one of your dependencies are requesting
41 error npm error notarget a package version that doesn't exist.
41 error
41 error npm error A complete log of this run can be found in: /Users/apple/.npm/_logs/2024-08-24T11_45_52_552Z-debug-0.log
41 error     at makeError (/Users/apple/Desktop/getting-started-example/node_modules/execa/lib/error.js:59:11)
41 error     at handlePromise (/Users/apple/Desktop/getting-started-example/node_modules/execa/index.js:114:26)
41 error     at process.processTicksAndRejections (node:internal/process/task_queues:95:5)
41 error     at async VersionCommand.updatePackageVersions (/Users/apple/Desktop/getting-started-example/node_modules/lerna/dist/index.js:8300:13)
41 error     at async Promise.all (index 0)
