[NX Daemon Server] - 2024-09-03T04:10:37.302Z - Started listening on: /var/folders/s_/57djqm0j015d5mxqm2spxy2m0000gn/T/f4bcf4b4c60519bdb925/d.sock
[NX Daemon Server] - 2024-09-03T04:10:37.303Z - [WATCHER]: Subscribed to changes within: /Users/apple/Desktop/getting-started-example (native)
[NX Daemon Server] - 2024-09-03T04:10:37.313Z - Established a connection. Number of open connections: 1
[NX Daemon Server] - 2024-09-03T04:10:37.313Z - Established a connection. Number of open connections: 2
[NX Daemon Server] - 2024-09-03T04:10:37.314Z - Closed a connection. Number of open connections: 1
[NX Daemon Server] - 2024-09-03T04:10:37.314Z - [REQUEST]: Client Request for Project Graph Received
[NX Daemon Server] - 2024-09-03T04:10:37.366Z - [WATCHER]: .nx/workspace-data/d/server-process.json was created or restored
[NX Daemon Server] - 2024-09-03T04:10:37.395Z - [REQUEST]: Updated workspace context based on watched changes, recomputing project graph...
[NX Daemon Server] - 2024-09-03T04:10:37.395Z - [REQUEST]: .nx/workspace-data/d/server-process.json
[NX Daemon Server] - 2024-09-03T04:10:37.395Z - [REQUEST]: 
[NX Daemon Server] - 2024-09-03T04:10:37.397Z - Time taken for 'loadNxPlugins' 79.614334ms
[NX Daemon Server] - 2024-09-03T04:10:37.414Z - Time taken for 'build-project-configs' 11.123208000000005ms
[NX Daemon Server] - 2024-09-03T04:10:37.449Z - [SYNC]: collect registered sync generators
[NX Daemon Server] - 2024-09-03T04:10:37.449Z - [SYNC]: scheduling: []
[NX Daemon Server] - 2024-09-03T04:10:37.449Z - [REQUEST]: Responding to the client. project-graph
[NX Daemon Server] - 2024-09-03T04:10:37.449Z - Time taken for 'total for creating and serializing project graph' 134.66612499999997ms
[NX Daemon Server] - 2024-09-03T04:10:37.450Z - Done responding to the client project-graph
[NX Daemon Server] - 2024-09-03T04:10:37.450Z - Handled REQUEST_PROJECT_GRAPH. Handling time: 135. Response time: 1.
[NX Daemon Server] - 2024-09-03T04:10:37.453Z - [REQUEST]: Responding to the client. handleContextFileData
[NX Daemon Server] - 2024-09-03T04:10:37.453Z - Done responding to the client handleContextFileData
[NX Daemon Server] - 2024-09-03T04:10:37.453Z - Handled GET_CONTEXT_FILE_DATA. Handling time: 0. Response time: 0.
[NX Daemon Server] - 2024-09-03T04:10:37.468Z - [REQUEST]: Updated workspace context based on watched changes, recomputing project graph...
[NX Daemon Server] - 2024-09-03T04:10:37.468Z - [REQUEST]: 
[NX Daemon Server] - 2024-09-03T04:10:37.468Z - [REQUEST]: 
[NX Daemon Server] - 2024-09-03T04:10:37.469Z - Time taken for 'hash changed files from watcher' 0.03145900000001234ms
[NX Daemon Server] - 2024-09-03T04:10:37.476Z - Time taken for 'build-project-configs' 6.580207999999999ms
[NX Daemon Server] - 2024-09-03T04:10:37.488Z - [SYNC]: collect registered sync generators
[NX Daemon Server] - 2024-09-03T04:10:37.488Z - [SYNC]: project graph hash is the same, not collecting task sync generators
[NX Daemon Server] - 2024-09-03T04:10:37.488Z - [SYNC]: nx.json hash is the same, not collecting global sync generators
[NX Daemon Server] - 2024-09-03T04:10:37.488Z - [SYNC]: scheduling: []
[NX Daemon Server] - 2024-09-03T04:10:37.488Z - Time taken for 'total execution time for createProjectGraph()' 9.848458999999991ms
[NX Daemon Server] - 2024-09-03T04:10:47.447Z - [WATCHER]: 2 file(s) created or restored, 2 file(s) modified, 2 file(s) deleted
[NX Daemon Server] - 2024-09-03T04:10:47.447Z - [WATCHER]: Processing file changes in outputs
[NX Daemon Server] - 2024-09-03T04:10:47.499Z - [WATCHER]: 0 file(s) created or restored, 2 file(s) modified, 0 file(s) deleted
[NX Daemon Server] - 2024-09-03T04:10:47.499Z - [WATCHER]: Processing file changes in outputs
[NX Daemon Server] - 2024-09-03T04:10:47.549Z - [REQUEST]: Updated workspace context based on watched changes, recomputing project graph...
[NX Daemon Server] - 2024-09-03T04:10:47.549Z - [REQUEST]: packages/header/package.json,packages/footer/package.json,packages/footer/package-lock.json,packages/header/package-lock.json,packages/header/CHANGELOG.md,packages/footer/CHANGELOG.md
[NX Daemon Server] - 2024-09-03T04:10:47.549Z - [REQUEST]: packages/header/package.json.191196986,packages/footer/package.json.2707912455
[NX Daemon Server] - 2024-09-03T04:10:47.550Z - Time taken for 'hash changed files from watcher' 0.2023750000007567ms
[NX Daemon Server] - 2024-09-03T04:10:47.557Z - Time taken for 'build-project-configs' 6.420665999999983ms
[NX Daemon Server] - 2024-09-03T04:10:47.570Z - [SYNC]: collect registered sync generators
[NX Daemon Server] - 2024-09-03T04:10:47.570Z - [SYNC]: project graph hash is the same, not collecting task sync generators
[NX Daemon Server] - 2024-09-03T04:10:47.570Z - [SYNC]: nx.json hash is the same, not collecting global sync generators
[NX Daemon Server] - 2024-09-03T04:10:47.570Z - [SYNC]: scheduling: []
[NX Daemon Server] - 2024-09-03T04:10:47.570Z - Time taken for 'total execution time for createProjectGraph()' 11.680082999999286ms
[NX Daemon Server] - 2024-09-03T04:10:48.188Z - [WATCHER]: Processing file changes in outputs
[NX Daemon Server] - 2024-09-03T04:10:48.188Z - Closed a connection. Number of open connections: 0
[NX Daemon Server] - 2024-09-03T04:10:48.188Z - [WATCHER]: Stopping the watcher for /Users/apple/Desktop/getting-started-example (sources)
[NX Daemon Server] - 2024-09-03T04:10:48.188Z - [WATCHER]: Stopping the watcher for /Users/apple/Desktop/getting-started-example (outputs)
[NX Daemon Server] - 2024-09-03T04:10:48.189Z - Server stopped because: "LOCK_FILES_CHANGED"
